=/pretest.json
{
  _: [],
  f: [
    '/home/runner/work/exp-hydro-forming-dei/exp-hydro-forming-dei/experiment/pretest.json'
  ],
  files: [
    '/home/runner/work/exp-hydro-forming-dei/exp-hydro-forming-dei/experiment/pretest.json'
  ],
  c: 'assessment',
  contentTypes: 'assessment',
  'content-types': 'assessment',
  '$0': 'validate'
}
Failed while validating /home/runner/work/exp-hydro-forming-dei/exp-hydro-forming-dei/experiment/pretest.json
SyntaxError: /home/runner/work/exp-hydro-forming-dei/exp-hydro-forming-dei/experiment/pretest.json: Unexpected token ] in JSON at position 2377
=/posttest.json
{
  _: [],
  f: [
    '/home/runner/work/exp-hydro-forming-dei/exp-hydro-forming-dei/experiment/posttest.json'
  ],
  files: [
    '/home/runner/work/exp-hydro-forming-dei/exp-hydro-forming-dei/experiment/posttest.json'
  ],
  c: 'assessment',
  contentTypes: 'assessment',
  'content-types': 'assessment',
  '$0': 'validate'
}
Failed while validating /home/runner/work/exp-hydro-forming-dei/exp-hydro-forming-dei/experiment/posttest.json
SyntaxError: /home/runner/work/exp-hydro-forming-dei/exp-hydro-forming-dei/experiment/posttest.json: Unexpected end of JSON input
